<?xml version="1.0" encoding="UTF-8"?>
<!-- Generated by org.testng.reporters.JUnitReportReporter -->
<testsuite hostname="DESKTOP-MSKAOE1" failures="0" tests="1" name="testCases.Tc_002_Login" time="4.141" errors="0" timestamp="2025-09-18T17:25:32 IST" skipped="0">
  <testcase classname="testCases.Tc_002_Login" name="logintest" time="4.141"/>
</testsuite> <!-- testCases.Tc_002_Login -->
