<?xml version="1.0" encoding="UTF-8"?>
<!-- Generated by org.testng.reporters.JUnitReportReporter -->
<testsuite hostname="DESKTOP-MSKAOE1" failures="0" tests="6" name="testCases.Tc_003_DDT_Login" time="46.052" errors="0" timestamp="2025-09-21T06:32:52 IST" skipped="0">
  <testcase classname="testCases.Tc_003_DDT_Login" name="logintest" time="8.430"/>
  <testcase classname="testCases.Tc_003_DDT_Login" name="logintest" time="8.800"/>
  <testcase classname="testCases.Tc_003_DDT_Login" name="logintest" time="4.513"/>
  <testcase classname="testCases.Tc_003_DDT_Login" name="logintest" time="4.361"/>
  <testcase classname="testCases.Tc_003_DDT_Login" name="logintest" time="11.157"/>
  <testcase classname="testCases.Tc_003_DDT_Login" name="logintest" time="8.791"/>
</testsuite> <!-- testCases.Tc_003_DDT_Login -->
