<?xml version="1.0" encoding="UTF-8"?>
<!-- Generated by org.testng.reporters.JUnitReportReporter -->
<testsuite hostname="DESKTOP-MSKAOE1" failures="0" tests="5" name="testCases.TC003_LoginDDT" time="49.893" errors="0" timestamp="2025-10-04T14:11:51 IST" skipped="0">
  <testcase classname="testCases.TC003_LoginDDT" name="loginDDT" time="6.548"/>
  <testcase classname="testCases.TC003_LoginDDT" name="loginDDT" time="12.622"/>
  <testcase classname="testCases.TC003_LoginDDT" name="loginDDT" time="12.702"/>
  <testcase classname="testCases.TC003_LoginDDT" name="loginDDT" time="13.248"/>
  <testcase classname="testCases.TC003_LoginDDT" name="loginDDT" time="4.773"/>
</testsuite> <!-- testCases.TC003_LoginDDT -->
