<?xml version="1.0" encoding="UTF-8"?>
<!-- Generated by org.testng.reporters.JUnitReportReporter -->
<testsuite hostname="DESKTOP-MSKAOE1" failures="0" tests="1" name="testCases.AccountRegistration" time="5.381" errors="0" timestamp="2025-09-17T18:51:27 IST" skipped="0">
  <testcase classname="testCases.AccountRegistration" name="verify_AccountCreation" time="5.381"/>
</testsuite> <!-- testCases.AccountRegistration -->
