<?xml version="1.0" encoding="UTF-8"?>
<!-- Generated by org.testng.reporters.JUnitReportReporter -->
<testsuite hostname="DESKTOP-MSKAOE1" failures="0" tests="1" name="testCases.TC002_LoginTest" time="3.284" errors="0" timestamp="2025-10-07T20:17:37 IST" skipped="0">
  <testcase classname="testCases.TC002_LoginTest" name="login" time="3.284"/>
</testsuite> <!-- testCases.TC002_LoginTest -->
