<?xml version="1.0" encoding="UTF-8"?>
<!-- Generated by org.testng.reporters.JUnitReportReporter -->
<testsuite hostname="DESKTOP-MSKAOE1" failures="0" tests="1" name="testCases.TC001_AccCreation" time="5.027" errors="0" timestamp="2025-10-07T20:17:37 IST" skipped="0">
  <testcase classname="testCases.TC001_AccCreation" name="verifyAcc" time="5.027"/>
</testsuite> <!-- testCases.TC001_AccCreation -->
